CRITICAL - 2022-08-24 10:24:28 --> 22 : The requested URL returned error: 400 
in SYSTEMPATH\HTTP\CURLRequest.php on line 655.
 1 SYSTEMPATH\HTTP\CURLRequest.php(655): CodeIgniter\HTTP\Exceptions\HTTPException::forCurlError('22', 'The requested URL returned error: 400 ')
 2 SYSTEMPATH\HTTP\CURLRequest.php(363): CodeIgniter\HTTP\CURLRequest->sendRequest([...])
 3 SYSTEMPATH\HTTP\CURLRequest.php(136): CodeIgniter\HTTP\CURLRequest->send('PUT', 'https://api.mercadolibre.com/items/MCO945953244')
 4 APPPATH\Controllers\Mercadolibre.php(88): CodeIgniter\HTTP\CURLRequest->request('PUT', 'https://api.mercadolibre.com/items/MCO945953244', [...])
 5 APPPATH\Controllers\Productos.php(63): App\Controllers\Mercadolibre->updateMercadolibre('MCO945953244', [...])
 6 SYSTEMPATH\CodeIgniter.php(896): App\Controllers\Productos->actualizarProducto()
 7 SYSTEMPATH\CodeIgniter.php(466): CodeIgniter\CodeIgniter->runController(Object(App\Controllers\Productos))
 8 SYSTEMPATH\CodeIgniter.php(349): CodeIgniter\CodeIgniter->handleRequest(null, Object(Config\Cache), false)
 9 FCPATH\index.php(55): CodeIgniter\CodeIgniter->run()
CRITICAL - 2022-08-24 10:26:43 --> 22 : The requested URL returned error: 400 
in SYSTEMPATH\HTTP\CURLRequest.php on line 655.
 1 SYSTEMPATH\HTTP\CURLRequest.php(655): CodeIgniter\HTTP\Exceptions\HTTPException::forCurlError('22', 'The requested URL returned error: 400 ')
 2 SYSTEMPATH\HTTP\CURLRequest.php(363): CodeIgniter\HTTP\CURLRequest->sendRequest([...])
 3 SYSTEMPATH\HTTP\CURLRequest.php(136): CodeIgniter\HTTP\CURLRequest->send('PUT', 'https://api.mercadolibre.com/items/MCO945953244')
 4 APPPATH\Controllers\Mercadolibre.php(88): CodeIgniter\HTTP\CURLRequest->request('PUT', 'https://api.mercadolibre.com/items/MCO945953244', [...])
 5 APPPATH\Controllers\Productos.php(63): App\Controllers\Mercadolibre->updateMercadolibre('MCO945953244', [...])
 6 SYSTEMPATH\CodeIgniter.php(896): App\Controllers\Productos->actualizarProducto()
 7 SYSTEMPATH\CodeIgniter.php(466): CodeIgniter\CodeIgniter->runController(Object(App\Controllers\Productos))
 8 SYSTEMPATH\CodeIgniter.php(349): CodeIgniter\CodeIgniter->handleRequest(null, Object(Config\Cache), false)
 9 FCPATH\index.php(55): CodeIgniter\CodeIgniter->run()
CRITICAL - 2022-08-24 10:28:10 --> 22 : The requested URL returned error: 400 
in SYSTEMPATH\HTTP\CURLRequest.php on line 655.
 1 SYSTEMPATH\HTTP\CURLRequest.php(655): CodeIgniter\HTTP\Exceptions\HTTPException::forCurlError('22', 'The requested URL returned error: 400 ')
 2 SYSTEMPATH\HTTP\CURLRequest.php(363): CodeIgniter\HTTP\CURLRequest->sendRequest([...])
 3 SYSTEMPATH\HTTP\CURLRequest.php(136): CodeIgniter\HTTP\CURLRequest->send('PUT', 'https://api.mercadolibre.com/items/MCO945953244')
 4 APPPATH\Controllers\Mercadolibre.php(88): CodeIgniter\HTTP\CURLRequest->request('PUT', 'https://api.mercadolibre.com/items/MCO945953244', [...])
 5 APPPATH\Controllers\Productos.php(63): App\Controllers\Mercadolibre->updateMercadolibre('MCO945953244', [...])
 6 SYSTEMPATH\CodeIgniter.php(896): App\Controllers\Productos->actualizarProducto()
 7 SYSTEMPATH\CodeIgniter.php(466): CodeIgniter\CodeIgniter->runController(Object(App\Controllers\Productos))
 8 SYSTEMPATH\CodeIgniter.php(349): CodeIgniter\CodeIgniter->handleRequest(null, Object(Config\Cache), false)
 9 FCPATH\index.php(55): CodeIgniter\CodeIgniter->run()
CRITICAL - 2022-08-24 10:36:48 --> 22 : The requested URL returned error: 400 
in SYSTEMPATH\HTTP\CURLRequest.php on line 655.
 1 SYSTEMPATH\HTTP\CURLRequest.php(655): CodeIgniter\HTTP\Exceptions\HTTPException::forCurlError('22', 'The requested URL returned error: 400 ')
 2 SYSTEMPATH\HTTP\CURLRequest.php(363): CodeIgniter\HTTP\CURLRequest->sendRequest([...])
 3 SYSTEMPATH\HTTP\CURLRequest.php(136): CodeIgniter\HTTP\CURLRequest->send('PUT', 'https://api.mercadolibre.com/items/MCO945953244')
 4 APPPATH\Controllers\Mercadolibre.php(107): CodeIgniter\HTTP\CURLRequest->request('PUT', 'https://api.mercadolibre.com/items/MCO945953244', [...])
 5 APPPATH\Controllers\Productos.php(66): App\Controllers\Mercadolibre->updateMercadolibre('MCO945953244', [...])
 6 SYSTEMPATH\CodeIgniter.php(896): App\Controllers\Productos->actualizarProducto()
 7 SYSTEMPATH\CodeIgniter.php(466): CodeIgniter\CodeIgniter->runController(Object(App\Controllers\Productos))
 8 SYSTEMPATH\CodeIgniter.php(349): CodeIgniter\CodeIgniter->handleRequest(null, Object(Config\Cache), false)
 9 FCPATH\index.php(55): CodeIgniter\CodeIgniter->run()
CRITICAL - 2022-08-24 10:37:59 --> 22 : The requested URL returned error: 400 
in SYSTEMPATH\HTTP\CURLRequest.php on line 655.
 1 SYSTEMPATH\HTTP\CURLRequest.php(655): CodeIgniter\HTTP\Exceptions\HTTPException::forCurlError('22', 'The requested URL returned error: 400 ')
 2 SYSTEMPATH\HTTP\CURLRequest.php(363): CodeIgniter\HTTP\CURLRequest->sendRequest([...])
 3 SYSTEMPATH\HTTP\CURLRequest.php(136): CodeIgniter\HTTP\CURLRequest->send('PUT', 'https://api.mercadolibre.com/items/MCO945953244')
 4 APPPATH\Controllers\Mercadolibre.php(107): CodeIgniter\HTTP\CURLRequest->request('PUT', 'https://api.mercadolibre.com/items/MCO945953244', [...])
 5 APPPATH\Controllers\Productos.php(66): App\Controllers\Mercadolibre->updateMercadolibre('MCO945953244', [...])
 6 SYSTEMPATH\CodeIgniter.php(896): App\Controllers\Productos->actualizarProducto()
 7 SYSTEMPATH\CodeIgniter.php(466): CodeIgniter\CodeIgniter->runController(Object(App\Controllers\Productos))
 8 SYSTEMPATH\CodeIgniter.php(349): CodeIgniter\CodeIgniter->handleRequest(null, Object(Config\Cache), false)
 9 FCPATH\index.php(55): CodeIgniter\CodeIgniter->run()
CRITICAL - 2022-08-24 10:41:34 --> 22 : The requested URL returned error: 405 
in SYSTEMPATH\HTTP\CURLRequest.php on line 655.
 1 SYSTEMPATH\HTTP\CURLRequest.php(655): CodeIgniter\HTTP\Exceptions\HTTPException::forCurlError('22', 'The requested URL returned error: 405 ')
 2 SYSTEMPATH\HTTP\CURLRequest.php(363): CodeIgniter\HTTP\CURLRequest->sendRequest([...])
 3 SYSTEMPATH\HTTP\CURLRequest.php(136): CodeIgniter\HTTP\CURLRequest->send('POST', 'https://api.mercadolibre.com/items/MCO945953244')
 4 APPPATH\Controllers\Mercadolibre.php(107): CodeIgniter\HTTP\CURLRequest->request('POST', 'https://api.mercadolibre.com/items/MCO945953244', [...])
 5 APPPATH\Controllers\Productos.php(66): App\Controllers\Mercadolibre->updateMercadolibre('MCO945953244', [...])
 6 SYSTEMPATH\CodeIgniter.php(896): App\Controllers\Productos->actualizarProducto()
 7 SYSTEMPATH\CodeIgniter.php(466): CodeIgniter\CodeIgniter->runController(Object(App\Controllers\Productos))
 8 SYSTEMPATH\CodeIgniter.php(349): CodeIgniter\CodeIgniter->handleRequest(null, Object(Config\Cache), false)
 9 FCPATH\index.php(55): CodeIgniter\CodeIgniter->run()
CRITICAL - 2022-08-24 10:43:23 --> 22 : The requested URL returned error: 400 
in SYSTEMPATH\HTTP\CURLRequest.php on line 655.
 1 SYSTEMPATH\HTTP\CURLRequest.php(655): CodeIgniter\HTTP\Exceptions\HTTPException::forCurlError('22', 'The requested URL returned error: 400 ')
 2 SYSTEMPATH\HTTP\CURLRequest.php(363): CodeIgniter\HTTP\CURLRequest->sendRequest([...])
 3 SYSTEMPATH\HTTP\CURLRequest.php(136): CodeIgniter\HTTP\CURLRequest->send('PUT', 'https://api.mercadolibre.com/items/MCO945953244')
 4 APPPATH\Controllers\Mercadolibre.php(108): CodeIgniter\HTTP\CURLRequest->request('PUT', 'https://api.mercadolibre.com/items/MCO945953244', [...])
 5 APPPATH\Controllers\Productos.php(66): App\Controllers\Mercadolibre->updateMercadolibre('MCO945953244', [...])
 6 SYSTEMPATH\CodeIgniter.php(896): App\Controllers\Productos->actualizarProducto()
 7 SYSTEMPATH\CodeIgniter.php(466): CodeIgniter\CodeIgniter->runController(Object(App\Controllers\Productos))
 8 SYSTEMPATH\CodeIgniter.php(349): CodeIgniter\CodeIgniter->handleRequest(null, Object(Config\Cache), false)
 9 FCPATH\index.php(55): CodeIgniter\CodeIgniter->run()
CRITICAL - 2022-08-24 10:49:03 --> 22 : The requested URL returned error: 400 
in SYSTEMPATH\HTTP\CURLRequest.php on line 655.
 1 SYSTEMPATH\HTTP\CURLRequest.php(655): CodeIgniter\HTTP\Exceptions\HTTPException::forCurlError('22', 'The requested URL returned error: 400 ')
 2 SYSTEMPATH\HTTP\CURLRequest.php(363): CodeIgniter\HTTP\CURLRequest->sendRequest([...])
 3 SYSTEMPATH\HTTP\CURLRequest.php(136): CodeIgniter\HTTP\CURLRequest->send('PUT', 'https://api.mercadolibre.com/items/MCO945953244')
 4 APPPATH\Controllers\Mercadolibre.php(108): CodeIgniter\HTTP\CURLRequest->request('PUT', 'https://api.mercadolibre.com/items/MCO945953244', [...])
 5 APPPATH\Controllers\Productos.php(66): App\Controllers\Mercadolibre->updateMercadolibre('MCO945953244', [...])
 6 SYSTEMPATH\CodeIgniter.php(896): App\Controllers\Productos->actualizarProducto()
 7 SYSTEMPATH\CodeIgniter.php(466): CodeIgniter\CodeIgniter->runController(Object(App\Controllers\Productos))
 8 SYSTEMPATH\CodeIgniter.php(349): CodeIgniter\CodeIgniter->handleRequest(null, Object(Config\Cache), false)
 9 FCPATH\index.php(55): CodeIgniter\CodeIgniter->run()
CRITICAL - 2022-08-24 10:52:44 --> 22 : The requested URL returned error: 400 
in SYSTEMPATH\HTTP\CURLRequest.php on line 655.
 1 SYSTEMPATH\HTTP\CURLRequest.php(655): CodeIgniter\HTTP\Exceptions\HTTPException::forCurlError('22', 'The requested URL returned error: 400 ')
 2 SYSTEMPATH\HTTP\CURLRequest.php(363): CodeIgniter\HTTP\CURLRequest->sendRequest([...])
 3 SYSTEMPATH\HTTP\CURLRequest.php(136): CodeIgniter\HTTP\CURLRequest->send('PUT', 'https://api.mercadolibre.com/items/MCO945953244')
 4 APPPATH\Controllers\Mercadolibre.php(108): CodeIgniter\HTTP\CURLRequest->request('PUT', 'https://api.mercadolibre.com/items/MCO945953244', [...])
 5 APPPATH\Controllers\Productos.php(66): App\Controllers\Mercadolibre->updateMercadolibre('MCO945953244', [...])
 6 SYSTEMPATH\CodeIgniter.php(896): App\Controllers\Productos->actualizarProducto()
 7 SYSTEMPATH\CodeIgniter.php(466): CodeIgniter\CodeIgniter->runController(Object(App\Controllers\Productos))
 8 SYSTEMPATH\CodeIgniter.php(349): CodeIgniter\CodeIgniter->handleRequest(null, Object(Config\Cache), false)
 9 FCPATH\index.php(55): CodeIgniter\CodeIgniter->run()
CRITICAL - 2022-08-24 11:47:31 --> Undefined property: stdClass::$id
in APPPATH\Controllers\Productos.php on line 121.
 1 APPPATH\Controllers\Productos.php(121): CodeIgniter\Debug\Exceptions->errorHandler(8, 'Undefined property: stdClass::$id', 'APPPATH\\Controllers\\Productos.php', 121, [...])
 2 SYSTEMPATH\CodeIgniter.php(896): App\Controllers\Productos->publicarMercadolibre()
 3 SYSTEMPATH\CodeIgniter.php(466): CodeIgniter\CodeIgniter->runController(Object(App\Controllers\Productos))
 4 SYSTEMPATH\CodeIgniter.php(349): CodeIgniter\CodeIgniter->handleRequest(null, Object(Config\Cache), false)
 5 FCPATH\index.php(55): CodeIgniter\CodeIgniter->run()
CRITICAL - 2022-08-24 13:47:06 --> json_decode() expects parameter 1 to be string, object given
in APPPATH\Controllers\Productos.php on line 121.
 1 [internal function]: CodeIgniter\Debug\Exceptions->errorHandler(2, 'json_decode() expects parameter 1 to be string, object given', 'APPPATH\\Controllers\\Productos.php', 121, [...])
 2 APPPATH\Controllers\Productos.php(121): json_decode(Object(stdClass))
 3 SYSTEMPATH\CodeIgniter.php(896): App\Controllers\Productos->publicarMercadolibre()
 4 SYSTEMPATH\CodeIgniter.php(466): CodeIgniter\CodeIgniter->runController(Object(App\Controllers\Productos))
 5 SYSTEMPATH\CodeIgniter.php(349): CodeIgniter\CodeIgniter->handleRequest(null, Object(Config\Cache), false)
 6 FCPATH\index.php(55): CodeIgniter\CodeIgniter->run()
CRITICAL - 2022-08-24 14:47:11 --> Undefined property: App\Controllers\Paginador::$producto
in APPPATH\Controllers\Paginador.php on line 21.
 1 APPPATH\Controllers\Paginador.php(21): CodeIgniter\Debug\Exceptions->errorHandler(8, 'Undefined property: App\\Controllers\\Paginador::$producto', 'APPPATH\\Controllers\\Paginador.php', 21, [])
 2 SYSTEMPATH\CodeIgniter.php(896): App\Controllers\Paginador->index()
 3 SYSTEMPATH\CodeIgniter.php(466): CodeIgniter\CodeIgniter->runController(Object(App\Controllers\Paginador))
 4 SYSTEMPATH\CodeIgniter.php(349): CodeIgniter\CodeIgniter->handleRequest(null, Object(Config\Cache), false)
 5 FCPATH\index.php(55): CodeIgniter\CodeIgniter->run()
CRITICAL - 2022-08-24 15:36:46 --> json_decode() expects parameter 1 to be string, object given
in APPPATH\Controllers\Productos.php on line 197.
 1 [internal function]: CodeIgniter\Debug\Exceptions->errorHandler(2, 'json_decode() expects parameter 1 to be string, object given', 'APPPATH\\Controllers\\Productos.php', 197, [...])
 2 APPPATH\Controllers\Productos.php(197): json_decode(Object(stdClass))
 3 SYSTEMPATH\CodeIgniter.php(896): App\Controllers\Productos->publicarMercadolibre()
 4 SYSTEMPATH\CodeIgniter.php(466): CodeIgniter\CodeIgniter->runController(Object(App\Controllers\Productos))
 5 SYSTEMPATH\CodeIgniter.php(349): CodeIgniter\CodeIgniter->handleRequest(null, Object(Config\Cache), false)
 6 FCPATH\index.php(55): CodeIgniter\CodeIgniter->run()
CRITICAL - 2022-08-24 16:11:47 --> Division by zero
in APPPATH\Controllers\Productos.php on line 69.
 1 APPPATH\Controllers\Productos.php(69): CodeIgniter\Debug\Exceptions->errorHandler(2, 'Division by zero', 'APPPATH\\Controllers\\Productos.php', 69, [...])
 2 SYSTEMPATH\CodeIgniter.php(896): App\Controllers\Productos->createLinks('7')
 3 SYSTEMPATH\CodeIgniter.php(466): CodeIgniter\CodeIgniter->runController(Object(App\Controllers\Productos))
 4 SYSTEMPATH\CodeIgniter.php(349): CodeIgniter\CodeIgniter->handleRequest(null, Object(Config\Cache), false)
 5 FCPATH\index.php(55): CodeIgniter\CodeIgniter->run()
CRITICAL - 2022-08-24 16:18:00 --> Division by zero
in APPPATH\Controllers\Productos.php on line 70.
 1 APPPATH\Controllers\Productos.php(70): CodeIgniter\Debug\Exceptions->errorHandler(2, 'Division by zero', 'APPPATH\\Controllers\\Productos.php', 70, [...])
 2 SYSTEMPATH\CodeIgniter.php(896): App\Controllers\Productos->createLinks('7', '0')
 3 SYSTEMPATH\CodeIgniter.php(466): CodeIgniter\CodeIgniter->runController(Object(App\Controllers\Productos))
 4 SYSTEMPATH\CodeIgniter.php(349): CodeIgniter\CodeIgniter->handleRequest(null, Object(Config\Cache), false)
 5 FCPATH\index.php(55): CodeIgniter\CodeIgniter->run()
CRITICAL - 2022-08-24 16:21:51 --> A non-numeric value encountered
in APPPATH\Controllers\Productos.php on line 70.
 1 APPPATH\Controllers\Productos.php(70): CodeIgniter\Debug\Exceptions->errorHandler(2, 'A non-numeric value encountered', 'APPPATH\\Controllers\\Productos.php', 70, [...])
 2 SYSTEMPATH\CodeIgniter.php(896): App\Controllers\Productos->createLinks('7', 'undefined')
 3 SYSTEMPATH\CodeIgniter.php(466): CodeIgniter\CodeIgniter->runController(Object(App\Controllers\Productos))
 4 SYSTEMPATH\CodeIgniter.php(349): CodeIgniter\CodeIgniter->handleRequest(null, Object(Config\Cache), false)
 5 FCPATH\index.php(55): CodeIgniter\CodeIgniter->run()
ERROR - 2022-08-24 17:25:28 --> You have an error in your SQL syntax; check the manual that corresponds to your MariaDB server version for the right syntax to use near '-4, 2' at line 3
CRITICAL - 2022-08-24 17:25:28 --> You have an error in your SQL syntax; check the manual that corresponds to your MariaDB server version for the right syntax to use near '-4, 2' at line 3
in SYSTEMPATH\Database\MySQLi\Connection.php on line 292.
 1 SYSTEMPATH\Database\MySQLi\Connection.php(292): mysqli->query('SELECT `nombre`, `cantidad`, `codigo`, `precio`, `imagen`, `link`, `categoria`
FROM `productos`
 LIMIT -4, 2', 0)
 2 SYSTEMPATH\Database\BaseConnection.php(695): CodeIgniter\Database\MySQLi\Connection->execute('SELECT `nombre`, `cantidad`, `codigo`, `precio`, `imagen`, `link`, `categoria`
FROM `productos`
 LIMIT -4, 2')
 3 SYSTEMPATH\Database\BaseConnection.php(609): CodeIgniter\Database\BaseConnection->simpleQuery('SELECT `nombre`, `cantidad`, `codigo`, `precio`, `imagen`, `link`, `categoria`
FROM `productos`
 LIMIT -4, 2')
 4 SYSTEMPATH\Database\BaseBuilder.php(1585): CodeIgniter\Database\BaseConnection->query('SELECT `nombre`, `cantidad`, `codigo`, `precio`, `imagen`, `link`, `categoria`
FROM `productos`
 LIMIT -4, 2', [], false)
 5 SYSTEMPATH\Model.php(222): CodeIgniter\Database\BaseBuilder->get()
 6 SYSTEMPATH\BaseModel.php(584): CodeIgniter\Model->doFindAll(2, -4)
 7 APPPATH\Controllers\Productos.php(49): CodeIgniter\BaseModel->findAll(2, -4)
 8 SYSTEMPATH\CodeIgniter.php(896): App\Controllers\Productos->getData('2', '-1')
 9 SYSTEMPATH\CodeIgniter.php(466): CodeIgniter\CodeIgniter->runController(Object(App\Controllers\Productos))
10 SYSTEMPATH\CodeIgniter.php(349): CodeIgniter\CodeIgniter->handleRequest(null, Object(Config\Cache), false)
11 FCPATH\index.php(55): CodeIgniter\CodeIgniter->run()
ERROR - 2022-08-24 17:25:52 --> You have an error in your SQL syntax; check the manual that corresponds to your MariaDB server version for the right syntax to use near '-4, 2' at line 3
CRITICAL - 2022-08-24 17:25:53 --> You have an error in your SQL syntax; check the manual that corresponds to your MariaDB server version for the right syntax to use near '-4, 2' at line 3
in SYSTEMPATH\Database\MySQLi\Connection.php on line 292.
 1 SYSTEMPATH\Database\MySQLi\Connection.php(292): mysqli->query('SELECT `nombre`, `cantidad`, `codigo`, `precio`, `imagen`, `link`, `categoria`
FROM `productos`
 LIMIT -4, 2', 0)
 2 SYSTEMPATH\Database\BaseConnection.php(695): CodeIgniter\Database\MySQLi\Connection->execute('SELECT `nombre`, `cantidad`, `codigo`, `precio`, `imagen`, `link`, `categoria`
FROM `productos`
 LIMIT -4, 2')
 3 SYSTEMPATH\Database\BaseConnection.php(609): CodeIgniter\Database\BaseConnection->simpleQuery('SELECT `nombre`, `cantidad`, `codigo`, `precio`, `imagen`, `link`, `categoria`
FROM `productos`
 LIMIT -4, 2')
 4 SYSTEMPATH\Database\BaseBuilder.php(1585): CodeIgniter\Database\BaseConnection->query('SELECT `nombre`, `cantidad`, `codigo`, `precio`, `imagen`, `link`, `categoria`
FROM `productos`
 LIMIT -4, 2', [], false)
 5 SYSTEMPATH\Model.php(222): CodeIgniter\Database\BaseBuilder->get()
 6 SYSTEMPATH\BaseModel.php(584): CodeIgniter\Model->doFindAll(2, -4)
 7 APPPATH\Controllers\Productos.php(49): CodeIgniter\BaseModel->findAll(2, -4)
 8 SYSTEMPATH\CodeIgniter.php(896): App\Controllers\Productos->getData('2', '-1')
 9 SYSTEMPATH\CodeIgniter.php(466): CodeIgniter\CodeIgniter->runController(Object(App\Controllers\Productos))
10 SYSTEMPATH\CodeIgniter.php(349): CodeIgniter\CodeIgniter->handleRequest(null, Object(Config\Cache), false)
11 FCPATH\index.php(55): CodeIgniter\CodeIgniter->run()
ERROR - 2022-08-24 17:31:48 --> You have an error in your SQL syntax; check the manual that corresponds to your MariaDB server version for the right syntax to use near '-4, 2' at line 3
CRITICAL - 2022-08-24 17:31:49 --> You have an error in your SQL syntax; check the manual that corresponds to your MariaDB server version for the right syntax to use near '-4, 2' at line 3
in SYSTEMPATH\Database\MySQLi\Connection.php on line 292.
 1 SYSTEMPATH\Database\MySQLi\Connection.php(292): mysqli->query('SELECT `nombre`, `cantidad`, `codigo`, `precio`, `imagen`, `link`, `categoria`
FROM `productos`
 LIMIT -4, 2', 0)
 2 SYSTEMPATH\Database\BaseConnection.php(695): CodeIgniter\Database\MySQLi\Connection->execute('SELECT `nombre`, `cantidad`, `codigo`, `precio`, `imagen`, `link`, `categoria`
FROM `productos`
 LIMIT -4, 2')
 3 SYSTEMPATH\Database\BaseConnection.php(609): CodeIgniter\Database\BaseConnection->simpleQuery('SELECT `nombre`, `cantidad`, `codigo`, `precio`, `imagen`, `link`, `categoria`
FROM `productos`
 LIMIT -4, 2')
 4 SYSTEMPATH\Database\BaseBuilder.php(1585): CodeIgniter\Database\BaseConnection->query('SELECT `nombre`, `cantidad`, `codigo`, `precio`, `imagen`, `link`, `categoria`
FROM `productos`
 LIMIT -4, 2', [], false)
 5 SYSTEMPATH\Model.php(222): CodeIgniter\Database\BaseBuilder->get()
 6 SYSTEMPATH\BaseModel.php(584): CodeIgniter\Model->doFindAll(2, -4)
 7 APPPATH\Controllers\Productos.php(49): CodeIgniter\BaseModel->findAll(2, -4)
 8 SYSTEMPATH\CodeIgniter.php(896): App\Controllers\Productos->getData('2', '-1')
 9 SYSTEMPATH\CodeIgniter.php(466): CodeIgniter\CodeIgniter->runController(Object(App\Controllers\Productos))
10 SYSTEMPATH\CodeIgniter.php(349): CodeIgniter\CodeIgniter->handleRequest(null, Object(Config\Cache), false)
11 FCPATH\index.php(55): CodeIgniter\CodeIgniter->run()
