CRITICAL - 2022-08-16 08:15:02 --> syntax error, unexpected '}', expecting ';' or ','
in APPPATH\Controllers\Home.php on line 12.
 1 SYSTEMPATH\Autoloader\Autoloader.php(261): CodeIgniter\Autoloader\Autoloader->includeFile('APPPATH\\Controllers\\Home.php')
 2 SYSTEMPATH\Autoloader\Autoloader.php(239): CodeIgniter\Autoloader\Autoloader->loadInNamespace('App\\Controllers\\Home')
 3 [internal function]: CodeIgniter\Autoloader\Autoloader->loadClass('App\\Controllers\\Home')
 4 [internal function]: spl_autoload_call('App\\Controllers\\Home')
 5 SYSTEMPATH\CodeIgniter.php(846): class_exists('\\App\\Controllers\\Home', true)
 6 SYSTEMPATH\CodeIgniter.php(453): CodeIgniter\CodeIgniter->startController()
 7 SYSTEMPATH\CodeIgniter.php(349): CodeIgniter\CodeIgniter->handleRequest(null, Object(Config\Cache), false)
 8 FCPATH\index.php(55): CodeIgniter\CodeIgniter->run()
CRITICAL - 2022-08-16 08:15:34 --> syntax error, unexpected '}', expecting ';' or ','
in APPPATH\Controllers\Home.php on line 12.
 1 SYSTEMPATH\Autoloader\Autoloader.php(261): CodeIgniter\Autoloader\Autoloader->includeFile('APPPATH\\Controllers\\Home.php')
 2 SYSTEMPATH\Autoloader\Autoloader.php(239): CodeIgniter\Autoloader\Autoloader->loadInNamespace('App\\Controllers\\Home')
 3 [internal function]: CodeIgniter\Autoloader\Autoloader->loadClass('App\\Controllers\\Home')
 4 [internal function]: spl_autoload_call('App\\Controllers\\Home')
 5 SYSTEMPATH\CodeIgniter.php(846): class_exists('\\App\\Controllers\\Home', true)
 6 SYSTEMPATH\CodeIgniter.php(453): CodeIgniter\CodeIgniter->startController()
 7 SYSTEMPATH\CodeIgniter.php(349): CodeIgniter\CodeIgniter->handleRequest(null, Object(Config\Cache), false)
 8 FCPATH\index.php(55): CodeIgniter\CodeIgniter->run()
CRITICAL - 2022-08-16 08:15:35 --> syntax error, unexpected '}', expecting ';' or ','
in APPPATH\Controllers\Home.php on line 12.
 1 SYSTEMPATH\Autoloader\Autoloader.php(261): CodeIgniter\Autoloader\Autoloader->includeFile('APPPATH\\Controllers\\Home.php')
 2 SYSTEMPATH\Autoloader\Autoloader.php(239): CodeIgniter\Autoloader\Autoloader->loadInNamespace('App\\Controllers\\Home')
 3 [internal function]: CodeIgniter\Autoloader\Autoloader->loadClass('App\\Controllers\\Home')
 4 [internal function]: spl_autoload_call('App\\Controllers\\Home')
 5 SYSTEMPATH\CodeIgniter.php(846): class_exists('\\App\\Controllers\\Home', true)
 6 SYSTEMPATH\CodeIgniter.php(453): CodeIgniter\CodeIgniter->startController()
 7 SYSTEMPATH\CodeIgniter.php(349): CodeIgniter\CodeIgniter->handleRequest(null, Object(Config\Cache), false)
 8 FCPATH\index.php(55): CodeIgniter\CodeIgniter->run()
CRITICAL - 2022-08-16 08:32:03 --> syntax error, unexpected '}', expecting ';' or ','
in APPPATH\Controllers\Home.php on line 12.
 1 SYSTEMPATH\Autoloader\Autoloader.php(261): CodeIgniter\Autoloader\Autoloader->includeFile('APPPATH\\Controllers\\Home.php')
 2 SYSTEMPATH\Autoloader\Autoloader.php(239): CodeIgniter\Autoloader\Autoloader->loadInNamespace('App\\Controllers\\Home')
 3 [internal function]: CodeIgniter\Autoloader\Autoloader->loadClass('App\\Controllers\\Home')
 4 [internal function]: spl_autoload_call('App\\Controllers\\Home')
 5 SYSTEMPATH\CodeIgniter.php(846): class_exists('\\App\\Controllers\\Home', true)
 6 SYSTEMPATH\CodeIgniter.php(453): CodeIgniter\CodeIgniter->startController()
 7 SYSTEMPATH\CodeIgniter.php(349): CodeIgniter\CodeIgniter->handleRequest(null, Object(Config\Cache), false)
 8 FCPATH\index.php(55): CodeIgniter\CodeIgniter->run()
CRITICAL - 2022-08-16 08:32:15 --> syntax error, unexpected '}', expecting ';' or ','
in APPPATH\Controllers\Home.php on line 12.
 1 SYSTEMPATH\Autoloader\Autoloader.php(261): CodeIgniter\Autoloader\Autoloader->includeFile('APPPATH\\Controllers\\Home.php')
 2 SYSTEMPATH\Autoloader\Autoloader.php(239): CodeIgniter\Autoloader\Autoloader->loadInNamespace('App\\Controllers\\Home')
 3 [internal function]: CodeIgniter\Autoloader\Autoloader->loadClass('App\\Controllers\\Home')
 4 [internal function]: spl_autoload_call('App\\Controllers\\Home')
 5 SYSTEMPATH\CodeIgniter.php(846): class_exists('\\App\\Controllers\\Home', true)
 6 SYSTEMPATH\CodeIgniter.php(453): CodeIgniter\CodeIgniter->startController()
 7 SYSTEMPATH\CodeIgniter.php(349): CodeIgniter\CodeIgniter->handleRequest(null, Object(Config\Cache), false)
 8 FCPATH\index.php(55): CodeIgniter\CodeIgniter->run()
CRITICAL - 2022-08-16 08:32:32 --> syntax error, unexpected '?>', expecting variable (T_VARIABLE) or '{' or '$'
in APPPATH\Views\welcome_message.php on line 1.
 1 SYSTEMPATH\View\View.php(216): CodeIgniter\View\View->CodeIgniter\View\{closure}()
 2 APPPATH\Controllers\Home.php(11): CodeIgniter\View\View->render('welcome_message')
 3 SYSTEMPATH\CodeIgniter.php(896): App\Controllers\Home->index()
 4 SYSTEMPATH\CodeIgniter.php(466): CodeIgniter\CodeIgniter->runController(Object(App\Controllers\Home))
 5 SYSTEMPATH\CodeIgniter.php(349): CodeIgniter\CodeIgniter->handleRequest(null, Object(Config\Cache), false)
 6 FCPATH\index.php(55): CodeIgniter\CodeIgniter->run()
CRITICAL - 2022-08-16 08:33:01 --> syntax error, unexpected '?>', expecting variable (T_VARIABLE) or '{' or '$'
in APPPATH\Views\welcome_message.php on line 1.
 1 SYSTEMPATH\View\View.php(216): CodeIgniter\View\View->CodeIgniter\View\{closure}()
 2 APPPATH\Controllers\Home.php(11): CodeIgniter\View\View->render('welcome_message')
 3 SYSTEMPATH\CodeIgniter.php(896): App\Controllers\Home->index()
 4 SYSTEMPATH\CodeIgniter.php(466): CodeIgniter\CodeIgniter->runController(Object(App\Controllers\Home))
 5 SYSTEMPATH\CodeIgniter.php(349): CodeIgniter\CodeIgniter->handleRequest(null, Object(Config\Cache), false)
 6 FCPATH\index.php(55): CodeIgniter\CodeIgniter->run()
CRITICAL - 2022-08-16 11:08:26 --> Call to undefined method CodeIgniter\View\View::extends()
in APPPATH\Views\Diseños\base.php on line 1.
 1 SYSTEMPATH\View\View.php(213): include()
 2 SYSTEMPATH\View\View.php(216): CodeIgniter\View\View->CodeIgniter\View\{closure}()
 3 SYSTEMPATH\Common.php(1135): CodeIgniter\View\View->render('Diseños/base', [], true)
 4 APPPATH\Controllers\Home.php(10): view('Diseños/base')
 5 SYSTEMPATH\CodeIgniter.php(896): App\Controllers\Home->index()
 6 SYSTEMPATH\CodeIgniter.php(466): CodeIgniter\CodeIgniter->runController(Object(App\Controllers\Home))
 7 SYSTEMPATH\CodeIgniter.php(349): CodeIgniter\CodeIgniter->handleRequest(null, Object(Config\Cache), false)
 8 FCPATH\index.php(55): CodeIgniter\CodeIgniter->run()
CRITICAL - 2022-08-16 11:17:06 --> Invalid file: preuba.php
in SYSTEMPATH\Exceptions\FrameworkException.php on line 33.
 1 SYSTEMPATH\View\View.php(201): CodeIgniter\Exceptions\FrameworkException::forInvalidFile('preuba.php')
 2 SYSTEMPATH\View\View.php(429): CodeIgniter\View\View->render('preuba', null, true)
 3 APPPATH\Views\Diseños\base.php(13): CodeIgniter\View\View->include('preuba')
 4 SYSTEMPATH\View\View.php(213): include('APPPATH\\Views\\Diseños\\base.php')
 5 SYSTEMPATH\View\View.php(216): CodeIgniter\View\View->CodeIgniter\View\{closure}()
 6 SYSTEMPATH\Common.php(1135): CodeIgniter\View\View->render('Diseños/base', [], true)
 7 APPPATH\Controllers\Home.php(10): view('Diseños/base')
 8 SYSTEMPATH\CodeIgniter.php(896): App\Controllers\Home->index()
 9 SYSTEMPATH\CodeIgniter.php(466): CodeIgniter\CodeIgniter->runController(Object(App\Controllers\Home))
10 SYSTEMPATH\CodeIgniter.php(349): CodeIgniter\CodeIgniter->handleRequest(null, Object(Config\Cache), false)
11 FCPATH\index.php(55): CodeIgniter\CodeIgniter->run()
CRITICAL - 2022-08-16 11:17:58 --> Invalid file: prueba.php
in SYSTEMPATH\Exceptions\FrameworkException.php on line 33.
 1 SYSTEMPATH\View\View.php(201): CodeIgniter\Exceptions\FrameworkException::forInvalidFile('prueba.php')
 2 SYSTEMPATH\View\View.php(429): CodeIgniter\View\View->render('prueba', null, true)
 3 APPPATH\Views\Diseños\base.php(13): CodeIgniter\View\View->include('prueba')
 4 SYSTEMPATH\View\View.php(213): include('APPPATH\\Views\\Diseños\\base.php')
 5 SYSTEMPATH\View\View.php(216): CodeIgniter\View\View->CodeIgniter\View\{closure}()
 6 SYSTEMPATH\Common.php(1135): CodeIgniter\View\View->render('Diseños/base', [], true)
 7 APPPATH\Controllers\Home.php(10): view('Diseños/base')
 8 SYSTEMPATH\CodeIgniter.php(896): App\Controllers\Home->index()
 9 SYSTEMPATH\CodeIgniter.php(466): CodeIgniter\CodeIgniter->runController(Object(App\Controllers\Home))
10 SYSTEMPATH\CodeIgniter.php(349): CodeIgniter\CodeIgniter->handleRequest(null, Object(Config\Cache), false)
11 FCPATH\index.php(55): CodeIgniter\CodeIgniter->run()
CRITICAL - 2022-08-16 11:58:38 --> Invalid file: nuevo.php
in SYSTEMPATH\Exceptions\FrameworkException.php on line 33.
 1 SYSTEMPATH\View\View.php(201): CodeIgniter\Exceptions\FrameworkException::forInvalidFile('nuevo.php')
 2 SYSTEMPATH\View\View.php(229): CodeIgniter\View\View->render('nuevo', [], true)
 3 SYSTEMPATH\Common.php(1135): CodeIgniter\View\View->render('Dis/base', [], true)
 4 APPPATH\Controllers\Home.php(10): view('Dis/base')
 5 SYSTEMPATH\CodeIgniter.php(896): App\Controllers\Home->index()
 6 SYSTEMPATH\CodeIgniter.php(466): CodeIgniter\CodeIgniter->runController(Object(App\Controllers\Home))
 7 SYSTEMPATH\CodeIgniter.php(349): CodeIgniter\CodeIgniter->handleRequest(null, Object(Config\Cache), false)
 8 FCPATH\index.php(55): CodeIgniter\CodeIgniter->run()
CRITICAL - 2022-08-16 14:10:09 --> Undefined variable: nombre
in APPPATH\Views\welcome_message.php on line 1.
 1 APPPATH\Views\welcome_message.php(1): CodeIgniter\Debug\Exceptions->errorHandler(8, 'Undefined variable: nombre', 'APPPATH\\Views\\welcome_message.php', 1, [])
 2 SYSTEMPATH\View\View.php(213): include('APPPATH\\Views\\welcome_message.php')
 3 SYSTEMPATH\View\View.php(216): CodeIgniter\View\View->CodeIgniter\View\{closure}()
 4 SYSTEMPATH\Common.php(1135): CodeIgniter\View\View->render('welcome_message', [], true)
 5 APPPATH\Controllers\Home.php(15): view('welcome_message')
 6 SYSTEMPATH\CodeIgniter.php(896): App\Controllers\Home->ejemplo()
 7 SYSTEMPATH\CodeIgniter.php(466): CodeIgniter\CodeIgniter->runController(Object(App\Controllers\Home))
 8 SYSTEMPATH\CodeIgniter.php(349): CodeIgniter\CodeIgniter->handleRequest(null, Object(Config\Cache), false)
 9 FCPATH\index.php(55): CodeIgniter\CodeIgniter->run()
CRITICAL - 2022-08-16 15:20:13 --> Invalid file: Dis/login.php
in SYSTEMPATH\Exceptions\FrameworkException.php on line 33.
 1 SYSTEMPATH\View\View.php(201): CodeIgniter\Exceptions\FrameworkException::forInvalidFile('Dis/login.php')
 2 SYSTEMPATH\Common.php(1135): CodeIgniter\View\View->render('Dis/login', [], true)
 3 APPPATH\Controllers\Home.php(19): view('Dis/login')
 4 SYSTEMPATH\CodeIgniter.php(896): App\Controllers\Home->login()
 5 SYSTEMPATH\CodeIgniter.php(466): CodeIgniter\CodeIgniter->runController(Object(App\Controllers\Home))
 6 SYSTEMPATH\CodeIgniter.php(349): CodeIgniter\CodeIgniter->handleRequest(null, Object(Config\Cache), false)
 7 FCPATH\index.php(55): CodeIgniter\CodeIgniter->run()
CRITICAL - 2022-08-16 16:18:44 --> Undefined variable: one
in APPPATH\Views\Partes\navArriba.php on line 21.
 1 APPPATH\Views\Partes\navArriba.php(21): CodeIgniter\Debug\Exceptions->errorHandler(8, 'Undefined variable: one', 'APPPATH\\Views\\Partes\\navArriba.php', 21, [])
 2 SYSTEMPATH\View\View.php(213): include('APPPATH\\Views\\Partes\\navArriba.php')
 3 SYSTEMPATH\View\View.php(216): CodeIgniter\View\View->CodeIgniter\View\{closure}()
 4 SYSTEMPATH\View\View.php(429): CodeIgniter\View\View->render('Partes/navArriba', null, true)
 5 APPPATH\Views\Contenido\contenidoTablas.php(9): CodeIgniter\View\View->include('Partes/navArriba')
 6 SYSTEMPATH\View\View.php(213): include('APPPATH\\Views\\Contenido\\contenidoTablas.php')
 7 SYSTEMPATH\View\View.php(216): CodeIgniter\View\View->CodeIgniter\View\{closure}()
 8 APPPATH\Controllers\Home.php(27): CodeIgniter\View\View->render('Contenido/contenidoTablas')
 9 SYSTEMPATH\CodeIgniter.php(896): App\Controllers\Home->tablas()
10 SYSTEMPATH\CodeIgniter.php(466): CodeIgniter\CodeIgniter->runController(Object(App\Controllers\Home))
11 SYSTEMPATH\CodeIgniter.php(349): CodeIgniter\CodeIgniter->handleRequest(null, Object(Config\Cache), false)
12 FCPATH\index.php(55): CodeIgniter\CodeIgniter->run()
CRITICAL - 2022-08-16 16:22:07 --> Undefined variable: one
in APPPATH\Views\Partes\navArriba.php on line 21.
 1 APPPATH\Views\Partes\navArriba.php(21): CodeIgniter\Debug\Exceptions->errorHandler(8, 'Undefined variable: one', 'APPPATH\\Views\\Partes\\navArriba.php', 21, [])
 2 SYSTEMPATH\View\View.php(213): include('APPPATH\\Views\\Partes\\navArriba.php')
 3 SYSTEMPATH\View\View.php(216): CodeIgniter\View\View->CodeIgniter\View\{closure}()
 4 SYSTEMPATH\View\View.php(429): CodeIgniter\View\View->render('Partes/navArriba', null, true)
 5 APPPATH\Views\Contenido\contenidoTablas.php(9): CodeIgniter\View\View->include('Partes/navArriba')
 6 SYSTEMPATH\View\View.php(213): include('APPPATH\\Views\\Contenido\\contenidoTablas.php')
 7 SYSTEMPATH\View\View.php(216): CodeIgniter\View\View->CodeIgniter\View\{closure}()
 8 APPPATH\Controllers\Home.php(27): CodeIgniter\View\View->render('Contenido/contenidoTablas')
 9 SYSTEMPATH\CodeIgniter.php(896): App\Controllers\Home->tablas()
10 SYSTEMPATH\CodeIgniter.php(466): CodeIgniter\CodeIgniter->runController(Object(App\Controllers\Home))
11 SYSTEMPATH\CodeIgniter.php(349): CodeIgniter\CodeIgniter->handleRequest(null, Object(Config\Cache), false)
12 FCPATH\index.php(55): CodeIgniter\CodeIgniter->run()
CRITICAL - 2022-08-16 16:22:19 --> Undefined variable: one
in APPPATH\Views\Partes\navArriba.php on line 21.
 1 APPPATH\Views\Partes\navArriba.php(21): CodeIgniter\Debug\Exceptions->errorHandler(8, 'Undefined variable: one', 'APPPATH\\Views\\Partes\\navArriba.php', 21, [])
 2 SYSTEMPATH\View\View.php(213): include('APPPATH\\Views\\Partes\\navArriba.php')
 3 SYSTEMPATH\View\View.php(216): CodeIgniter\View\View->CodeIgniter\View\{closure}()
 4 SYSTEMPATH\View\View.php(429): CodeIgniter\View\View->render('Partes/navArriba', null, true)
 5 APPPATH\Views\Contenido\contenidoTablas.php(9): CodeIgniter\View\View->include('Partes/navArriba')
 6 SYSTEMPATH\View\View.php(213): include('APPPATH\\Views\\Contenido\\contenidoTablas.php')
 7 SYSTEMPATH\View\View.php(216): CodeIgniter\View\View->CodeIgniter\View\{closure}()
 8 APPPATH\Controllers\Home.php(27): CodeIgniter\View\View->render('Contenido/contenidoTablas')
 9 SYSTEMPATH\CodeIgniter.php(896): App\Controllers\Home->tablas()
10 SYSTEMPATH\CodeIgniter.php(466): CodeIgniter\CodeIgniter->runController(Object(App\Controllers\Home))
11 SYSTEMPATH\CodeIgniter.php(349): CodeIgniter\CodeIgniter->handleRequest(null, Object(Config\Cache), false)
12 FCPATH\index.php(55): CodeIgniter\CodeIgniter->run()
CRITICAL - 2022-08-16 17:01:15 --> Use of undefined constant one - assumed 'one' (this will throw an Error in a future version of PHP)
in APPPATH\Views\Partes\navArriba.php on line 21.
 1 APPPATH\Views\Partes\navArriba.php(21): CodeIgniter\Debug\Exceptions->errorHandler(2, 'Use of undefined constant one - assumed \'one\' (this will throw an Error in a future version of PHP)', 'APPPATH\\Views\\Partes\\navArriba.php', 21, [...])
 2 SYSTEMPATH\View\View.php(213): include('APPPATH\\Views\\Partes\\navArriba.php')
 3 SYSTEMPATH\View\View.php(216): CodeIgniter\View\View->CodeIgniter\View\{closure}()
 4 SYSTEMPATH\View\View.php(429): CodeIgniter\View\View->render('Partes/navArriba', null, true)
 5 APPPATH\Views\Contenido\contenidoDashboard.php(9): CodeIgniter\View\View->include('Partes/navArriba')
 6 SYSTEMPATH\View\View.php(213): include('APPPATH\\Views\\Contenido\\contenidoDashboard.php')
 7 SYSTEMPATH\View\View.php(216): CodeIgniter\View\View->CodeIgniter\View\{closure}()
 8 APPPATH\Controllers\Home.php(16): CodeIgniter\View\View->render('Contenido/contenidoDashboard')
 9 SYSTEMPATH\CodeIgniter.php(896): App\Controllers\Home->index()
10 SYSTEMPATH\CodeIgniter.php(466): CodeIgniter\CodeIgniter->runController(Object(App\Controllers\Home))
11 SYSTEMPATH\CodeIgniter.php(349): CodeIgniter\CodeIgniter->handleRequest(null, Object(Config\Cache), false)
12 FCPATH\index.php(55): CodeIgniter\CodeIgniter->run()
CRITICAL - 2022-08-16 17:35:59 --> Call to a member function redirect() on null
in APPPATH\Controllers\Home.php on line 12.
 1 APPPATH\Controllers\Home.php(60): App\Controllers\Home->index()
 2 SYSTEMPATH\CodeIgniter.php(896): App\Controllers\Home->salir()
 3 SYSTEMPATH\CodeIgniter.php(466): CodeIgniter\CodeIgniter->runController(Object(App\Controllers\Home))
 4 SYSTEMPATH\CodeIgniter.php(349): CodeIgniter\CodeIgniter->handleRequest(null, Object(Config\Cache), false)
 5 FCPATH\index.php(55): CodeIgniter\CodeIgniter->run()
CRITICAL - 2022-08-16 17:45:11 --> Call to a member function redirect() on null
in APPPATH\Controllers\Home.php on line 12.
 1 APPPATH\Controllers\Home.php(73): App\Controllers\Home->index()
 2 SYSTEMPATH\CodeIgniter.php(896): App\Controllers\Home->salir()
 3 SYSTEMPATH\CodeIgniter.php(466): CodeIgniter\CodeIgniter->runController(Object(App\Controllers\Home))
 4 SYSTEMPATH\CodeIgniter.php(349): CodeIgniter\CodeIgniter->handleRequest(null, Object(Config\Cache), false)
 5 FCPATH\index.php(55): CodeIgniter\CodeIgniter->run()
