CRITICAL - 2022-08-18 08:30:19 --> Allowed fields must be specified for model: App\Models\Producto
in SYSTEMPATH\BaseModel.php on line 1138.
 1 SYSTEMPATH\BaseModel.php(1138): CodeIgniter\Database\Exceptions\DataException::forInvalidAllowedFields('App\\Models\\Producto')
 2 SYSTEMPATH\BaseModel.php(713): CodeIgniter\BaseModel->doProtectFields([...])
 3 SYSTEMPATH\Model.php(666): CodeIgniter\BaseModel->insert([...], false)
 4 SYSTEMPATH\BaseModel.php(658): CodeIgniter\Model->insert([...], false)
 5 APPPATH\Controllers\Productos.php(117): CodeIgniter\BaseModel->save([...])
 6 SYSTEMPATH\CodeIgniter.php(896): App\Controllers\Productos->publicarMercadolibre()
 7 SYSTEMPATH\CodeIgniter.php(466): CodeIgniter\CodeIgniter->runController(Object(App\Controllers\Productos))
 8 SYSTEMPATH\CodeIgniter.php(349): CodeIgniter\CodeIgniter->handleRequest(null, Object(Config\Cache), false)
 9 FCPATH\index.php(55): CodeIgniter\CodeIgniter->run()
ERROR - 2022-08-18 10:36:22 --> Table 'mydatasinc.users' doesn't exist
CRITICAL - 2022-08-18 10:36:23 --> Table 'mydatasinc.users' doesn't exist
in SYSTEMPATH\Database\MySQLi\Connection.php on line 292.
 1 SYSTEMPATH\Database\MySQLi\Connection.php(292): mysqli->query('INSERT INTO `users` (`Identificacion`, `Usuario`, `Password`) VALUES (\'\', \'\', \'$2y$10$/BjVSIfxjVZJfNA9qTs53u.y5/w8rNbhbu6fNNPI/3tbzBKTyOHjm\')', 0)
 2 SYSTEMPATH\Database\BaseConnection.php(695): CodeIgniter\Database\MySQLi\Connection->execute('INSERT INTO `users` (`Identificacion`, `Usuario`, `Password`) VALUES (\'\', \'\', \'$2y$10$/BjVSIfxjVZJfNA9qTs53u.y5/w8rNbhbu6fNNPI/3tbzBKTyOHjm\')')
 3 SYSTEMPATH\Database\BaseConnection.php(609): CodeIgniter\Database\BaseConnection->simpleQuery('INSERT INTO `users` (`Identificacion`, `Usuario`, `Password`) VALUES (\'\', \'\', \'$2y$10$/BjVSIfxjVZJfNA9qTs53u.y5/w8rNbhbu6fNNPI/3tbzBKTyOHjm\')')
 4 SYSTEMPATH\Database\BaseBuilder.php(1904): CodeIgniter\Database\BaseConnection->query('INSERT INTO `users` (`Identificacion`, `Usuario`, `Password`) VALUES (:Identificacion:, :Usuario:, :Password:)', [...], false)
 5 SYSTEMPATH\Model.php(278): CodeIgniter\Database\BaseBuilder->insert()
 6 SYSTEMPATH\BaseModel.php(738): CodeIgniter\Model->doInsert([...])
 7 SYSTEMPATH\Model.php(666): CodeIgniter\BaseModel->insert([...], true)
 8 APPPATH\Controllers\Home.php(97): CodeIgniter\Model->insert([...])
 9 SYSTEMPATH\CodeIgniter.php(896): App\Controllers\Home->registrar()
10 SYSTEMPATH\CodeIgniter.php(466): CodeIgniter\CodeIgniter->runController(Object(App\Controllers\Home))
11 SYSTEMPATH\CodeIgniter.php(349): CodeIgniter\CodeIgniter->handleRequest(null, Object(Config\Cache), false)
12 FCPATH\index.php(55): CodeIgniter\CodeIgniter->run()
