CRITICAL - 2022-08-23 11:40:10 --> 22 : The requested URL returned error: 401 
in SYSTEMPATH\HTTP\CURLRequest.php on line 655.
 1 SYSTEMPATH\HTTP\CURLRequest.php(655): CodeIgniter\HTTP\Exceptions\HTTPException::forCurlError('22', 'The requested URL returned error: 401 ')
 2 SYSTEMPATH\HTTP\CURLRequest.php(363): CodeIgniter\HTTP\CURLRequest->sendRequest([...])
 3 SYSTEMPATH\HTTP\CURLRequest.php(136): CodeIgniter\HTTP\CURLRequest->send('PUT', 'https://api.mercadolibre.com/items/MCO945492179')
 4 APPPATH\Controllers\Mercadolibre.php(88): CodeIgniter\HTTP\CURLRequest->request('PUT', 'https://api.mercadolibre.com/items/MCO945492179', [...])
 5 APPPATH\Controllers\Productos.php(59): App\Controllers\Mercadolibre->updateMercadolibre('MCO945492179', [...])
 6 SYSTEMPATH\CodeIgniter.php(896): App\Controllers\Productos->actualizarProducto()
 7 SYSTEMPATH\CodeIgniter.php(466): CodeIgniter\CodeIgniter->runController(Object(App\Controllers\Productos))
 8 SYSTEMPATH\CodeIgniter.php(349): CodeIgniter\CodeIgniter->handleRequest(null, Object(Config\Cache), false)
 9 FCPATH\index.php(55): CodeIgniter\CodeIgniter->run()
CRITICAL - 2022-08-23 11:47:44 --> 22 : The requested URL returned error: 401 
in SYSTEMPATH\HTTP\CURLRequest.php on line 655.
 1 SYSTEMPATH\HTTP\CURLRequest.php(655): CodeIgniter\HTTP\Exceptions\HTTPException::forCurlError('22', 'The requested URL returned error: 401 ')
 2 SYSTEMPATH\HTTP\CURLRequest.php(363): CodeIgniter\HTTP\CURLRequest->sendRequest([...])
 3 SYSTEMPATH\HTTP\CURLRequest.php(136): CodeIgniter\HTTP\CURLRequest->send('PUT', 'https://api.mercadolibre.com/items/MCO945492179')
 4 APPPATH\Controllers\Mercadolibre.php(88): CodeIgniter\HTTP\CURLRequest->request('PUT', 'https://api.mercadolibre.com/items/MCO945492179', [...])
 5 APPPATH\Controllers\Productos.php(59): App\Controllers\Mercadolibre->updateMercadolibre('MCO945492179', [...])
 6 SYSTEMPATH\CodeIgniter.php(896): App\Controllers\Productos->actualizarProducto()
 7 SYSTEMPATH\CodeIgniter.php(466): CodeIgniter\CodeIgniter->runController(Object(App\Controllers\Productos))
 8 SYSTEMPATH\CodeIgniter.php(349): CodeIgniter\CodeIgniter->handleRequest(null, Object(Config\Cache), false)
 9 FCPATH\index.php(55): CodeIgniter\CodeIgniter->run()
